<?xml version="1.0" encoding="UTF-8"?>
<!-- Generated by org.testng.reporters.JUnitReportReporter -->
<testsuite hostname="DESKTOP-51G5M55" failures="0" tests="1" name="TestCases.verifySignup" time="27.245" errors="0" timestamp="2023-02-20T20:37:48 IST" skipped="0">
  <testcase classname="TestCases.verifySignup" name="signup" time="27.245"/>
  <system-out/>
</testsuite> <!-- TestCases.verifySignup -->
